<?xml version="1.0" encoding="UTF-8"?>
<!-- Generated by org.testng.reporters.JUnitReportReporter -->
<testsuite hostname="CSCO-W-PF34LW3M" failures="0" tests="1" name="com.restAssured.Crud.GETRequest" time="1.305" errors="0" timestamp="23 Mar 2022 16:28:30 GMT" skipped="0">
  <testcase classname="com.restAssured.Crud.GETRequest" name="verifyAllUsers" time="1.305"/>
</testsuite> <!-- com.restAssured.Crud.GETRequest -->
