<?xml version="1.0" encoding="UTF-8"?>
<!-- Generated by org.testng.reporters.JUnitReportReporter -->
<testsuite hostname="CSCO-W-PF34LW3M" failures="0" tests="1" name="com.restAssured.Crud.POSTRequest" time="1.871" errors="0" timestamp="23 Mar 2022 16:30:05 GMT" skipped="0">
  <testcase classname="com.restAssured.Crud.POSTRequest" name="createNewUser" time="1.871"/>
</testsuite> <!-- com.restAssured.Crud.POSTRequest -->
